2025-01-25 20:46:58.374 [main] INFO  com.example.api.service.impl.AdminServiceImplTest-Catch exception: 请求参数异常
2025-01-25 20:46:58.377 [main] INFO  com.example.api.service.impl.AdminServiceImplTest-Catch exception: 不存在的邮箱账户
2025-01-25 20:46:58.378 [main] INFO  com.example.api.service.impl.AdminServiceImpl-Server:User found
2025-01-25 20:46:58.378 [main] INFO  com.example.api.service.impl.AdminServiceImplTest-loggedInAdmin: Admin(id=null, email=test@example.com, password=null, roles=null, createAt=null)
2025-01-25 20:46:58.381 [main] INFO  com.example.api.service.impl.AdminServiceImplTest-Email: test@example.com
2025-01-25 20:46:58.383 [main] INFO  com.example.api.service.impl.AdminServiceImplTest-foundAdmin: Admin(id=1, email=test@example.com, password=null, roles=null, createAt=null)
2025-01-25 20:46:58.383 [main] INFO  com.example.api.service.impl.AdminServiceImplTest-adminId: 1
2025-01-25 20:46:58.384 [main] INFO  com.example.api.service.impl.AdminServiceImpl-Server:User not found
2025-01-25 20:46:58.384 [main] INFO  com.example.api.service.impl.AdminServiceImplTest-Catch exception: 用户名或密码错误Server
2025-01-25 20:46:58.389 [main] INFO  com.example.api.service.impl.AdminServiceImplTest-Email: test@example.com
2025-01-25 20:46:58.389 [main] INFO  com.example.api.service.impl.AdminServiceImplTest-Password: password123
2025-01-25 20:47:00.524 [main] WARN  com.example.api.utils.JwtTokenUtil-Token has expired: JWT expired at 2025-01-25T20:46:59Z. Current time: 2025-01-25T20:47:00Z, a difference of 1523 milliseconds.  Allowed clock skew: 0 milliseconds.
2025-01-25 20:47:00.528 [main] INFO  com.example.api.utils.JwtTokenUtil-Token is valid and starts with the expected prefix.
2025-01-25 20:47:00.528 [main] WARN  com.example.api.utils.JwtTokenUtil-Token is invalid: does not start with the expected prefix.
2025-01-25 20:47:00.528 [main] WARN  com.example.api.utils.JwtTokenUtil-Token is invalid: token is null or empty.
2025-01-25 20:47:00.528 [main] WARN  com.example.api.utils.JwtTokenUtil-Token is invalid: token is null or empty.
2025-01-25 20:47:00.529 [main] WARN  com.example.api.utils.JwtTokenUtil-Token is invalid: token is null or empty.
2025-01-25 20:47:00.530 [main] INFO  com.example.api.util.JwtTokenUtilTest-Generated token: logistics:eyJhbGciOiJIUzI1NiJ9.eyJzdWIiOiIxNDgzNjE4Nzk0QHFxLmNvbSIsInJvbGVzIjpbIlJPTEVfU1VQRVJfQURNSU4iLCJST0xFX0FETUlOIl0sImV4cCI6MTczNzgwOTIyMSwiaWF0IjoxNzM3ODA5MjIwfQ.pm7YWqI18Hj3rXMZmX2R9--5yXXD2u1iPUhUgnyA7Ag
2025-01-25 20:47:00.531 [main] INFO  com.example.api.util.JwtTokenUtilTest-Token is not null.
2025-01-25 20:47:00.531 [main] INFO  com.example.api.util.JwtTokenUtilTest-Token starts with the expected prefix: logistics:
2025-01-25 20:47:00.533 [main] INFO  com.example.api.util.JwtTokenUtilTest-Token subject matches the expected username: 1483618794@qq.com
2025-01-25 20:47:00.534 [main] INFO  com.example.api.util.JwtTokenUtilTest-Token subject matches the expected role: [ROLE_SUPER_ADMIN, ROLE_ADMIN]
2025-01-25 20:47:00.536 [main] INFO  com.example.api.util.JwtTokenUtilTest-Generated token for username '1483618794@qq.com': logistics:eyJhbGciOiJIUzI1NiJ9.eyJzdWIiOiIxNDgzNjE4Nzk0QHFxLmNvbSIsInJvbGVzIjpbIlJPTEVfU1VQRVJfQURNSU4iLCJST0xFX0FETUlOIl0sImV4cCI6MTczNzgwOTIyMSwiaWF0IjoxNzM3ODA5MjIwfQ.pm7YWqI18Hj3rXMZmX2R9--5yXXD2u1iPUhUgnyA7Ag
2025-01-25 20:47:00.538 [main] INFO  com.example.api.util.JwtTokenUtilTest-Retrieved username from token: 1483618794@qq.com
2025-01-25 20:47:00.538 [main] INFO  com.example.api.util.JwtTokenUtilTest-Username matches the expected value: 1483618794@qq.com
2025-01-25 20:47:00.538 [main] INFO  com.example.api.util.JwtTokenUtilTest-Generated token for username '1483618794@qq.com': logistics:eyJhbGciOiJIUzI1NiJ9.eyJzdWIiOiIxNDgzNjE4Nzk0QHFxLmNvbSIsInJvbGVzIjpbIlJPTEVfU1VQRVJfQURNSU4iLCJST0xFX0FETUlOIl0sImV4cCI6MTczNzgwOTIyMSwiaWF0IjoxNzM3ODA5MjIwfQ.pm7YWqI18Hj3rXMZmX2R9--5yXXD2u1iPUhUgnyA7Ag
2025-01-25 20:47:00.539 [main] INFO  com.example.api.util.JwtTokenUtilTest-Retrieved roles from token: [ROLE_SUPER_ADMIN, ROLE_ADMIN]
2025-01-25 20:47:00.539 [main] INFO  com.example.api.util.JwtTokenUtilTest-Role count matches expected value: 2
2025-01-25 20:47:00.539 [main] INFO  com.example.api.util.JwtTokenUtilTest-Roles contain expected role: ROLE_SUPER_ADMIN
2025-01-25 20:47:00.539 [main] INFO  com.example.api.util.JwtTokenUtilTest-Roles contain expected role: ROLE_ADMIN
